# JRE version: OpenJDK Runtime Environment (8.0_152-b01) (build 1.8.0_152-release-1248-b01)
# Java VM: OpenJDK 64-Bit Server VM (25.152-b01 mixed mode linux-amd64 compressed oops)
Heap:
 PSYoungGen      total 429568K, used 79261K [0x00000000e0000000, 0x00000000ffe00000, 0x0000000100000000)
  eden space 344576K, 17% used [0x00000000e0000000,0x00000000e3a6d2e0,0x00000000f5080000)
  from space 84992K, 22% used [0x00000000f5080000,0x00000000f637a3a0,0x00000000fa380000)
  to   space 80896K, 0% used [0x00000000faf00000,0x00000000faf00000,0x00000000ffe00000)
 ParOldGen       total 1048576K, used 665726K [0x00000000a0000000, 0x00000000e0000000, 0x00000000e0000000)
  object space 1048576K, 63% used [0x00000000a0000000,0x00000000c8a1f940,0x00000000e0000000)
 Metaspace       used 165434K, capacity 179914K, committed 179992K, reserved 1206272K
  class space    used 20725K, capacity 23344K, committed 23344K, reserved 1048576K
GC Heap History (10 events):
Event: 1649,016 GC heap before
{Heap before GC invocations=162 (full 5):
 PSYoungGen      total 401408K, used 340013K [0x00000000e0000000, 0x00000000ff100000, 0x0000000100000000)
  eden space 313344K, 100% used [0x00000000e0000000,0x00000000f3200000,0x00000000f3200000)
  from space 88064K, 30% used [0x00000000f9b00000,0x00000000fb50b550,0x00000000ff100000)
  to   space 97792K, 0% used [0x00000000f3200000,0x00000000f3200000,0x00000000f9180000)
 ParOldGen       total 1048576K, used 640300K [0x00000000a0000000, 0x00000000e0000000, 0x00000000e0000000)
  object space 1048576K, 61% used [0x00000000a0000000,0x00000000c714b140,0x00000000e0000000)
 Metaspace       used 155309K, capacity 166852K, committed 167064K, reserved 1196032K
  class space    used 19339K, capacity 21416K, committed 21424K, reserved 1048576K
Event: 1649,031 GC heap after
Heap after GC invocations=162 (full 5):
 PSYoungGen      total 411136K, used 25798K [0x00000000e0000000, 0x0000000100000000, 0x0000000100000000)
  eden space 313344K, 0% used [0x00000000e0000000,0x00000000e0000000,0x00000000f3200000)
  from space 97792K, 26% used [0x00000000f3200000,0x00000000f4b31998,0x00000000f9180000)
  to   space 93184K, 0% used [0x00000000fa500000,0x00000000fa500000,0x0000000100000000)
 ParOldGen       total 1048576K, used 650482K [0x00000000a0000000, 0x00000000e0000000, 0x00000000e0000000)
  object space 1048576K, 62% used [0x00000000a0000000,0x00000000c7b3c868,0x00000000e0000000)
 Metaspace       used 155309K, capacity 166852K, committed 167064K, reserved 1196032K
  class space    used 19339K, capacity 21416K, committed 21424K, reserved 1048576K
}
Event: 1738,255 GC heap before
{Heap before GC invocations=163 (full 5):
 PSYoungGen      total 411136K, used 339142K [0x00000000e0000000, 0x0000000100000000, 0x0000000100000000)
  eden space 313344K, 100% used [0x00000000e0000000,0x00000000f3200000,0x00000000f3200000)
  from space 97792K, 26% used [0x00000000f3200000,0x00000000f4b31998,0x00000000f9180000)
  to   space 93184K, 0% used [0x00000000fa500000,0x00000000fa500000,0x0000000100000000)
 ParOldGen       total 1048576K, used 650482K [0x00000000a0000000, 0x00000000e0000000, 0x00000000e0000000)
  object space 1048576K, 62% used [0x00000000a0000000,0x00000000c7b3c868,0x00000000e0000000)
 Metaspace       used 158161K, capacity 170326K, committed 170520K, reserved 1198080K
  class space    used 19742K, capacity 21948K, committed 22064K, reserved 1048576K
Event: 1738,277 GC heap after
Heap after GC invocations=163 (full 5):
 PSYoungGen      total 417792K, used 8364K [0x00000000e0000000, 0x00000000ff780000, 0x0000000100000000)
  eden space 333312K, 0% used [0x00000000e0000000,0x00000000e0000000,0x00000000f4580000)
  from space 84480K, 9% used [0x00000000fa500000,0x00000000fad2b068,0x00000000ff780000)
  to   space 91136K, 0% used [0x00000000f4580000,0x00000000f4580000,0x00000000f9e80000)
 ParOldGen       total 1048576K, used 665702K [0x00000000a0000000, 0x00000000e0000000, 0x00000000e0000000)
  object space 1048576K, 63% used [0x00000000a0000000,0x00000000c8a19940,0x00000000e0000000)
 Metaspace       used 158161K, capacity 170326K, committed 170520K, reserved 1198080K
  class space    used 19742K, capacity 21948K, committed 22064K, reserved 1048576K
}
Event: 1777,110 GC heap before
{Heap before GC invocations=164 (full 5):
 PSYoungGen      total 417792K, used 341676K [0x00000000e0000000, 0x00000000ff780000, 0x0000000100000000)
  eden space 333312K, 100% used [0x00000000e0000000,0x00000000f4580000,0x00000000f4580000)
  from space 84480K, 9% used [0x00000000fa500000,0x00000000fad2b068,0x00000000ff780000)
  to   space 91136K, 0% used [0x00000000f4580000,0x00000000f4580000,0x00000000f9e80000)
 ParOldGen       total 1048576K, used 665702K [0x00000000a0000000, 0x00000000e0000000, 0x00000000e0000000)
  object space 1048576K, 63% used [0x00000000a0000000,0x00000000c8a19940,0x00000000e0000000)
 Metaspace       used 160147K, capacity 173602K, committed 173720K, reserved 1200128K
  class space    used 20058K, capacity 22429K, committed 22448K, reserved 1048576K
Event: 1777,124 GC heap after
Heap after GC invocations=164 (full 5):
 PSYoungGen      total 424448K, used 10226K [0x00000000e0000000, 0x0000000100000000, 0x0000000100000000)
  eden space 333312K, 0% used [0x00000000e0000000,0x00000000e0000000,0x00000000f4580000)
  from space 91136K, 11% used [0x00000000f4580000,0x00000000f4f7c8b8,0x00000000f9e80000)
  to   space 88576K, 0% used [0x00000000fa980000,0x00000000fa980000,0x0000000100000000)
 ParOldGen       total 1048576K, used 665710K [0x00000000a0000000, 0x00000000e0000000, 0x00000000e0000000)
  object space 1048576K, 63% used [0x00000000a0000000,0x00000000c8a1b940,0x00000000e0000000)
 Metaspace       used 160147K, capacity 173602K, committed 173720K, reserved 1200128K
  class space    used 20058K, capacity 22429K, committed 22448K, reserved 1048576K
}
Event: 2118,071 GC heap before
{Heap before GC invocations=165 (full 5):
 PSYoungGen      total 424448K, used 343538K [0x00000000e0000000, 0x0000000100000000, 0x0000000100000000)
  eden space 333312K, 100% used [0x00000000e0000000,0x00000000f4580000,0x00000000f4580000)
  from space 91136K, 11% used [0x00000000f4580000,0x00000000f4f7c8b8,0x00000000f9e80000)
  to   space 88576K, 0% used [0x00000000fa980000,0x00000000fa980000,0x0000000100000000)
 ParOldGen       total 1048576K, used 665710K [0x00000000a0000000, 0x00000000e0000000, 0x00000000e0000000)
  object space 1048576K, 63% used [0x00000000a0000000,0x00000000c8a1b940,0x00000000e0000000)
 Metaspace       used 163450K, capacity 177282K, committed 177304K, reserved 1204224K
  class space    used 20499K, capacity 22956K, committed 22960K, reserved 1048576K
Event: 2118,102 GC heap after
Heap after GC invocations=165 (full 5):
 PSYoungGen      total 423424K, used 15195K [0x00000000e0000000, 0x00000000ff680000, 0x0000000100000000)
  eden space 344576K, 0% used [0x00000000e0000000,0x00000000e0000000,0x00000000f5080000)
  from space 78848K, 19% used [0x00000000fa980000,0x00000000fb856f88,0x00000000ff680000)
  to   space 84992K, 0% used [0x00000000f5080000,0x00000000f5080000,0x00000000fa380000)
 ParOldGen       total 1048576K, used 665718K [0x00000000a0000000, 0x00000000e0000000, 0x00000000e0000000)
  object space 1048576K, 63% used [0x00000000a0000000,0x00000000c8a1d940,0x00000000e0000000)
 Metaspace       used 163450K, capacity 177282K, committed 177304K, reserved 1204224K
  class space    used 20499K, capacity 22956K, committed 22960K, reserved 1048576K
}
Event: 2231,912 GC heap before
{Heap before GC invocations=166 (full 5):
 PSYoungGen      total 423424K, used 359771K [0x00000000e0000000, 0x00000000ff680000, 0x0000000100000000)
  eden space 344576K, 100% used [0x00000000e0000000,0x00000000f5080000,0x00000000f5080000)
  from space 78848K, 19% used [0x00000000fa980000,0x00000000fb856f88,0x00000000ff680000)
  to   space 84992K, 0% used [0x00000000f5080000,0x00000000f5080000,0x00000000fa380000)
 ParOldGen       total 1048576K, used 665718K [0x00000000a0000000, 0x00000000e0000000, 0x00000000e0000000)
  object space 1048576K, 63% used [0x00000000a0000000,0x00000000c8a1d940,0x00000000e0000000)
 Metaspace       used 164594K, capacity 179030K, committed 179224K, reserved 1206272K
  class space    used 20630K, capacity 23240K, committed 23344K, reserved 1048576K
Event: 2231,926 GC heap after
Heap after GC invocations=166 (full 5):
 PSYoungGen      total 429568K, used 19432K [0x00000000e0000000, 0x00000000ffe00000, 0x0000000100000000)
  eden space 344576K, 0% used [0x00000000e0000000,0x00000000e0000000,0x00000000f5080000)
  from space 84992K, 22% used [0x00000000f5080000,0x00000000f637a3a0,0x00000000fa380000)
  to   space 80896K, 0% used [0x00000000faf00000,0x00000000faf00000,0x00000000ffe00000)
 ParOldGen       total 1048576K, used 665726K [0x00000000a0000000, 0x00000000e0000000, 0x00000000e0000000)
  object space 1048576K, 63% used [0x00000000a0000000,0x00000000c8a1f940,0x00000000e0000000)
 Metaspace       used 164594K, capacity 179030K, committed 179224K, reserved 1206272K
  class space    used 20630K, capacity 23240K, committed 23344K, reserved 1048576K
}

